commit c4c08a0a057355246a2f763cbeb847151db21ae9
Author: Unknown <ianwensk@gmail.com>
Date:   Mon Nov 20 19:10:16 2017 -0500

    Maybe Final Draft
    
    Completed the rest of the missing neccisary material

commit cecb657f98fe9d8fb486ca80ece8f3511854d109
Author: Unknown <ianwensk@gmail.com>
Date:   Mon Nov 20 19:01:12 2017 -0500

    Combined our files
    
    We figured out how to merge files in this program

commit e342f312196468948a100aa9b1015fa90b8ee993
Author: Unknown <jacob_turner@my.uri.edu>
Date:   Mon Nov 20 18:53:17 2017 -0500

    Problem 3 and Small Changes

commit d234976ade5b8c63bf0b5789c5a30430d3be8345
Author: Unknown <jacob_turner@my.uri.edu>
Date:   Mon Nov 20 18:37:23 2017 -0500

    Problem 2 and Libraries Needed

commit f57da0a8586a74d23fe777d931edd86b5c673136
Author: Unknown <jacob_turner@my.uri.edu>
Date:   Mon Nov 20 18:33:09 2017 -0500

    Wrote Problem 1

commit 56466301ab99eb4bf29981eae7888d5e4901635e
Author: iwenskowicz16 <31967557+iwenskowicz16@users.noreply.github.com>
Date:   Mon Nov 20 15:18:35 2017 -0500

    Created the readme
    
    see above
